<?xml version="1.0" encoding="UTF-8"?>
<!-- Generated by org.testng.reporters.JUnitReportReporter -->
<testsuite hostname="DESKTOP-1TFU59I" failures="0" tests="2" name="tests.FirstTest" time="0.018" errors="0" timestamp="2025-07-31T22:01:50 TRT" skipped="0">
  <testcase classname="tests.FirstTest" name="testCase1" time="0.014"/>
  <testcase classname="tests.FirstTest" name="testCase2" time="0.004"/>
</testsuite> <!-- tests.FirstTest -->
