<?xml version="1.0" encoding="UTF-8"?>
<!-- Generated by org.testng.reporters.JUnitReportReporter -->
<testsuite hostname="DESKTOP-1TFU59I" failures="0" tests="2" name="tests.FirstTest" time="0.008" errors="0" timestamp="2025-07-31T21:43:40 TRT" skipped="0">
  <testcase classname="tests.FirstTest" name="testCase1" time="0.007"/>
  <testcase classname="tests.FirstTest" name="testCase2" time="0.001"/>
</testsuite> <!-- tests.FirstTest -->
